<?xml version="1.0" encoding="UTF-8"?>
<!-- Generated by org.testng.reporters.JUnitReportReporter -->
<testsuite hostname="box" failures="0" tests="2" name="com.testdemo.AppTest" time="0.004" errors="0" timestamp="2023-10-05T17:57:22 IST" skipped="0">
  <testcase classname="com.testdemo.AppTest" name="addNegativeTest" time="0.004"/>
  <testcase classname="com.testdemo.AppTest" name="addPositiveTest" time="0.000"/>
</testsuite> <!-- com.testdemo.AppTest -->
