<?xml version="1.0" encoding="UTF-8"?>
<!-- Generated by org.testng.reporters.JUnitReportReporter -->
<testsuite hostname="machine" failures="0" tests="1" name="com.testdemo.WebDriverTest" time="1.052" errors="0" timestamp="2023-10-21T16:23:46 IST" skipped="0">
  <testcase classname="com.testdemo.WebDriverTest" name="seleniumTest" time="1.052"/>
</testsuite> <!-- com.testdemo.WebDriverTest -->
