<?xml version="1.0" encoding="UTF-8"?>
<!-- Generated by org.testng.reporters.JUnitReportReporter -->
<testsuite hostname="box" failures="0" tests="1" name="com.testdemo.WebDriverTest" time="1.667" errors="0" timestamp="2023-10-05T17:57:22 IST" skipped="0">
  <testcase classname="com.testdemo.WebDriverTest" name="seleniumTest" time="1.667"/>
</testsuite> <!-- com.testdemo.WebDriverTest -->
